<?xml version="1.0" encoding="UTF-8"?>
<!-- Generated by org.testng.reporters.JUnitXMLReporter -->
<testsuite ignored="0" hostname="DESKTOP-5RTH0OK" failures="0" tests="3" name="Default test" time="22.971" errors="0" timestamp="2026-03-10T23:44:01 EET">
  <testcase classname="MyTestCase.AlmosaferTest" name="ClosePopUP" time="10.462"/>
  <testcase classname="MyTestCase.AlmosaferTest" name="ChangeLanguage" time="6.82"/>
  <testcase classname="MyTestCase.AlmosaferTest" name="SearchForFlight" time="2.976"/>
</testsuite> <!-- Default test -->
