<?xml version="1.0" encoding="UTF-8"?>
<!-- Generated by org.testng.reporters.JUnitXMLReporter -->
<testsuite ignored="3" hostname="DESKTOP-5RTH0OK" failures="0" tests="3" name="Default test" time="47.185" errors="0" timestamp="2026-03-14T23:36:12 EET">
  <testcase classname="MyTestCase.AlmosaferTest" name="ClosePopUP" time="3.463"/>
  <testcase classname="MyTestCase.AlmosaferTest" name="HotelSearch" time="3.543"/>
  <testcase classname="MyTestCase.AlmosaferTest" name="Rooms" time="37.892"/>
  <testcase classname="MyTestCase.AlmosaferTest" name="SearchForFlight" time="0.0">
    <ignored/>
  </testcase> <!-- SearchForFlight -->
  <testcase classname="MyTestCase.AlmosaferTest" name="SetDate1" time="0.0">
    <ignored/>
  </testcase> <!-- SetDate1 -->
  <testcase classname="MyTestCase.AlmosaferTest" name="ChangeLanguage" time="0.0">
    <ignored/>
  </testcase> <!-- ChangeLanguage -->
</testsuite> <!-- Default test -->
