<?xml version="1.0" encoding="UTF-8"?>
<testng-results ignored="1" total="3" passed="2" failed="0" skipped="0">
  <reporter-output>
  </reporter-output>
  <suite started-at="2026-03-10T23:14:51 EET" name="Default suite" finished-at="2026-03-10T23:14:57 EET" duration-ms="6317">
    <groups>
    </groups>
    <test started-at="2026-03-10T23:14:51 EET" name="Default test" finished-at="2026-03-10T23:14:57 EET" duration-ms="6317">
      <class name="MyTestCase.AlmosaferTest">
        <test-method is-config="true" signature="MySetup()[pri:0, instance:MyTestCase.AlmosaferTest@4aa83f4f]" started-at="2026-03-10T23:14:51 EET" name="MySetup" finished-at="2026-03-10T23:14:53 EET" duration-ms="2365" status="PASS">
          <reporter-output>
          </reporter-output>
        </test-method> <!-- MySetup -->
        <test-method signature="ClosePopUP()[pri:1, instance:MyTestCase.AlmosaferTest@4aa83f4f]" started-at="2026-03-10T23:14:54 EET" name="ClosePopUP" finished-at="2026-03-10T23:14:54 EET" duration-ms="412" status="PASS">
          <reporter-output>
          </reporter-output>
        </test-method> <!-- ClosePopUP -->
        <test-method signature="SearchForFlight()[pri:3, instance:MyTestCase.AlmosaferTest@4aa83f4f]" started-at="2026-03-10T23:14:54 EET" name="SearchForFlight" finished-at="2026-03-10T23:14:57 EET" duration-ms="3480" status="PASS">
          <reporter-output>
          </reporter-output>
        </test-method> <!-- SearchForFlight -->
      </class> <!-- MyTestCase.AlmosaferTest -->
    </test> <!-- Default test -->
  </suite> <!-- Default suite -->
</testng-results>
