<?xml version="1.0" encoding="UTF-8"?>
<!-- Generated by org.testng.reporters.JUnitReportReporter -->
<testsuite hostname="DESKTOP-5RTH0OK" failures="0" tests="6" name="MyTestCase.AlmosaferTest" time="44.898" errors="0" timestamp="2026-03-14T23:36:12 EET" skipped="3">
  <testcase classname="MyTestCase.AlmosaferTest" name="ClosePopUP" time="3.463"/>
  <testcase classname="MyTestCase.AlmosaferTest" name="HotelSearch" time="3.543"/>
  <testcase classname="MyTestCase.AlmosaferTest" name="Rooms" time="37.892"/>
  <testcase classname="MyTestCase.AlmosaferTest" name="SearchForFlight">
    <skipped/>
  </testcase> <!-- SearchForFlight -->
  <testcase classname="MyTestCase.AlmosaferTest" name="SetDate1">
    <skipped/>
  </testcase> <!-- SetDate1 -->
  <testcase classname="MyTestCase.AlmosaferTest" name="ChangeLanguage">
    <skipped/>
  </testcase> <!-- ChangeLanguage -->
</testsuite> <!-- MyTestCase.AlmosaferTest -->
