<?xml version="1.0" encoding="UTF-8"?>
<!-- Generated by org.testng.reporters.JUnitReportReporter -->
<testsuite hostname="DESKTOP-5RTH0OK" failures="0" tests="3" name="MyTestCase.AlmosaferTest" time="3.892" errors="0" timestamp="2026-03-10T23:14:58 EET" skipped="1">
  <testcase classname="MyTestCase.AlmosaferTest" name="ClosePopUP" time="0.412"/>
  <testcase classname="MyTestCase.AlmosaferTest" name="SearchForFlight" time="3.480"/>
  <testcase classname="MyTestCase.AlmosaferTest" name="ChangeLanguage">
    <skipped/>
  </testcase> <!-- ChangeLanguage -->
</testsuite> <!-- MyTestCase.AlmosaferTest -->
